<?xml version="1.0" encoding="UTF-8"?>
<!-- Generated by org.testng.reporters.JUnitReportReporter -->
<testsuite hostname="LE15-HM8-IND" failures="0" tests="1" name="com.employeeDB.Phase3_Project.EndToEndTest" time="4.751" errors="0" timestamp="19 Feb 2023 04:38:37 GMT" skipped="0">
  <testcase classname="com.employeeDB.Phase3_Project.EndToEndTest" name="GetEmpTest1" time="4.751"/>
</testsuite> <!-- com.employeeDB.Phase3_Project.EndToEndTest -->
