<?xml version="1.0" encoding="UTF-8"?>
<!-- Generated by org.testng.reporters.JUnitReportReporter -->
<testsuite hostname="LE15-HM8-IND" failures="0" tests="1" name="com.employeeDB.Phase3_Project.EndToEndTest" time="3.261" errors="0" timestamp="11 Dec 2022 21:14:07 GMT" skipped="0">
  <testcase classname="com.employeeDB.Phase3_Project.EndToEndTest" name="GetEmpTest1" time="3.261"/>
</testsuite> <!-- com.employeeDB.Phase3_Project.EndToEndTest -->
