<?xml version="1.0" encoding="UTF-8"?>
<!-- Generated by org.testng.reporters.JUnitReportReporter -->
<testsuite hostname="LE15-HM8-IND" failures="0" tests="1" name="com.employeeDB.Phase3_Project.EndToEndTest" time="2.680" errors="0" timestamp="19 Feb 2023 05:17:53 GMT" skipped="0">
  <testcase classname="com.employeeDB.Phase3_Project.EndToEndTest" name="GetEmpTest1" time="2.680"/>
</testsuite> <!-- com.employeeDB.Phase3_Project.EndToEndTest -->
